<?xml version="1.0" encoding="UTF-8"?>
<testsuite xmlns:xsi="http://www.w3.org/2001/XMLSchema-instance" xsi:noNamespaceSchemaLocation="https://maven.apache.org/surefire/maven-surefire-plugin/xsd/surefire-test-report.xsd" version="3.0.1" name="com.BuildDetailServletTest" time="1.535" tests="5" errors="0" skipped="0" failures="0">
  <properties>
    <property name="java.specification.version" value="21"/>
    <property name="sun.jnu.encoding" value="UTF-8"/>
    <property name="java.class.path" value="/mnt/c/Users/loveg/desktop/DD2480-LAB2/CISERVER/target/test-classes:/mnt/c/Users/loveg/desktop/DD2480-LAB2/CISERVER/target/classes:/home/lovego/.m2/repository/org/eclipse/jetty/jetty-server/11.0.16/jetty-server-11.0.16.jar:/home/lovego/.m2/repository/org/eclipse/jetty/toolchain/jetty-jakarta-servlet-api/5.0.2/jetty-jakarta-servlet-api-5.0.2.jar:/home/lovego/.m2/repository/org/eclipse/jetty/jetty-http/11.0.16/jetty-http-11.0.16.jar:/home/lovego/.m2/repository/org/eclipse/jetty/jetty-util/11.0.16/jetty-util-11.0.16.jar:/home/lovego/.m2/repository/org/eclipse/jetty/jetty-io/11.0.16/jetty-io-11.0.16.jar:/home/lovego/.m2/repository/org/slf4j/slf4j-api/2.0.5/slf4j-api-2.0.5.jar:/home/lovego/.m2/repository/org/eclipse/jetty/jetty-servlet/11.0.16/jetty-servlet-11.0.16.jar:/home/lovego/.m2/repository/org/eclipse/jetty/jetty-security/11.0.16/jetty-security-11.0.16.jar:/home/lovego/.m2/repository/org/eclipse/jetty/jetty-client/11.0.16/jetty-client-11.0.16.jar:/home/lovego/.m2/repository/org/eclipse/jetty/jetty-alpn-client/11.0.16/jetty-alpn-client-11.0.16.jar:/home/lovego/.m2/repository/org/mockito/mockito-core/5.15.2/mockito-core-5.15.2.jar:/home/lovego/.m2/repository/net/bytebuddy/byte-buddy/1.15.11/byte-buddy-1.15.11.jar:/home/lovego/.m2/repository/net/bytebuddy/byte-buddy-agent/1.15.11/byte-buddy-agent-1.15.11.jar:/home/lovego/.m2/repository/org/objenesis/objenesis/3.3/objenesis-3.3.jar:/home/lovego/.m2/repository/org/mockito/mockito-junit-jupiter/4.11.0/mockito-junit-jupiter-4.11.0.jar:/home/lovego/.m2/repository/commons-io/commons-io/2.11.0/commons-io-2.11.0.jar:/home/lovego/.m2/repository/jakarta/servlet/jakarta.servlet-api/6.0.0/jakarta.servlet-api-6.0.0.jar:/home/lovego/.m2/repository/org/slf4j/slf4j-simple/2.0.9/slf4j-simple-2.0.9.jar:/home/lovego/.m2/repository/org/junit/jupiter/junit-jupiter/5.8.1/junit-jupiter-5.8.1.jar:/home/lovego/.m2/repository/org/junit/jupiter/junit-jupiter-engine/5.11.0/junit-jupiter-engine-5.11.0.jar:/home/lovego/.m2/repository/org/junit/platform/junit-platform-engine/1.11.0/junit-platform-engine-1.11.0.jar:/home/lovego/.m2/repository/org/junit/jupiter/junit-jupiter-api/5.11.0/junit-jupiter-api-5.11.0.jar:/home/lovego/.m2/repository/org/opentest4j/opentest4j/1.3.0/opentest4j-1.3.0.jar:/home/lovego/.m2/repository/org/junit/platform/junit-platform-commons/1.11.0/junit-platform-commons-1.11.0.jar:/home/lovego/.m2/repository/org/apiguardian/apiguardian-api/1.1.2/apiguardian-api-1.1.2.jar:/home/lovego/.m2/repository/org/junit/jupiter/junit-jupiter-params/5.11.0/junit-jupiter-params-5.11.0.jar:/home/lovego/.m2/repository/com/squareup/okhttp3/mockwebserver/4.12.0/mockwebserver-4.12.0.jar:/home/lovego/.m2/repository/com/squareup/okhttp3/okhttp/4.12.0/okhttp-4.12.0.jar:/home/lovego/.m2/repository/com/squareup/okio/okio/3.6.0/okio-3.6.0.jar:/home/lovego/.m2/repository/com/squareup/okio/okio-jvm/3.6.0/okio-jvm-3.6.0.jar:/home/lovego/.m2/repository/junit/junit/4.13.2/junit-4.13.2.jar:/home/lovego/.m2/repository/org/hamcrest/hamcrest-core/1.3/hamcrest-core-1.3.jar:/home/lovego/.m2/repository/org/jetbrains/kotlin/kotlin-stdlib-jdk8/1.8.21/kotlin-stdlib-jdk8-1.8.21.jar:/home/lovego/.m2/repository/org/jetbrains/kotlin/kotlin-stdlib/1.8.21/kotlin-stdlib-1.8.21.jar:/home/lovego/.m2/repository/org/jetbrains/kotlin/kotlin-stdlib-common/1.8.21/kotlin-stdlib-common-1.8.21.jar:/home/lovego/.m2/repository/org/jetbrains/annotations/13.0/annotations-13.0.jar:/home/lovego/.m2/repository/org/jetbrains/kotlin/kotlin-stdlib-jdk7/1.8.21/kotlin-stdlib-jdk7-1.8.21.jar:/home/lovego/.m2/repository/uk/org/webcompere/system-stubs-jupiter/2.0.2/system-stubs-jupiter-2.0.2.jar:/home/lovego/.m2/repository/uk/org/webcompere/system-stubs-core/2.0.2/system-stubs-core-2.0.2.jar:/home/lovego/.m2/repository/org/mockito/mockito-inline/3.12.4/mockito-inline-3.12.4.jar:/home/lovego/.m2/repository/com/fasterxml/jackson/core/jackson-databind/2.18.2/jackson-databind-2.18.2.jar:/home/lovego/.m2/repository/com/fasterxml/jackson/core/jackson-annotations/2.18.2/jackson-annotations-2.18.2.jar:/home/lovego/.m2/repository/com/fasterxml/jackson/core/jackson-core/2.18.2/jackson-core-2.18.2.jar:/home/lovego/.m2/repository/com/ngrok/ngrok-java/1.1.1/ngrok-java-1.1.1.jar:/home/lovego/.m2/repository/org/apache/maven/shared/maven-invoker/3.2.0/maven-invoker-3.2.0.jar:/home/lovego/.m2/repository/org/apache/maven/shared/maven-shared-utils/3.3.4/maven-shared-utils-3.3.4.jar:/home/lovego/.m2/repository/javax/inject/javax.inject/1/javax.inject-1.jar:"/>
    <property name="java.vm.vendor" value="Ubuntu"/>
    <property name="sun.arch.data.model" value="64"/>
    <property name="java.vendor.url" value="https://ubuntu.com/"/>
    <property name="user.timezone" value="Europe/Stockholm"/>
    <property name="os.name" value="Linux"/>
    <property name="java.vm.specification.version" value="21"/>
    <property name="sun.java.launcher" value="SUN_STANDARD"/>
    <property name="sun.boot.library.path" value="/usr/lib/jvm/java-21-openjdk-amd64/lib"/>
    <property name="sun.java.command" value="/mnt/c/Users/loveg/desktop/DD2480-LAB2/CISERVER/target/surefire/surefirebooter-20250212235645576_3.jar /mnt/c/Users/loveg/desktop/DD2480-LAB2/CISERVER/target/surefire 2025-02-12T23-56-45_449-jvmRun1 surefire-20250212235645576_1tmp surefire_0-20250212235645576_2tmp"/>
    <property name="jdk.debug" value="release"/>
    <property name="surefire.test.class.path" value="/mnt/c/Users/loveg/desktop/DD2480-LAB2/CISERVER/target/test-classes:/mnt/c/Users/loveg/desktop/DD2480-LAB2/CISERVER/target/classes:/home/lovego/.m2/repository/org/eclipse/jetty/jetty-server/11.0.16/jetty-server-11.0.16.jar:/home/lovego/.m2/repository/org/eclipse/jetty/toolchain/jetty-jakarta-servlet-api/5.0.2/jetty-jakarta-servlet-api-5.0.2.jar:/home/lovego/.m2/repository/org/eclipse/jetty/jetty-http/11.0.16/jetty-http-11.0.16.jar:/home/lovego/.m2/repository/org/eclipse/jetty/jetty-util/11.0.16/jetty-util-11.0.16.jar:/home/lovego/.m2/repository/org/eclipse/jetty/jetty-io/11.0.16/jetty-io-11.0.16.jar:/home/lovego/.m2/repository/org/slf4j/slf4j-api/2.0.5/slf4j-api-2.0.5.jar:/home/lovego/.m2/repository/org/eclipse/jetty/jetty-servlet/11.0.16/jetty-servlet-11.0.16.jar:/home/lovego/.m2/repository/org/eclipse/jetty/jetty-security/11.0.16/jetty-security-11.0.16.jar:/home/lovego/.m2/repository/org/eclipse/jetty/jetty-client/11.0.16/jetty-client-11.0.16.jar:/home/lovego/.m2/repository/org/eclipse/jetty/jetty-alpn-client/11.0.16/jetty-alpn-client-11.0.16.jar:/home/lovego/.m2/repository/org/mockito/mockito-core/5.15.2/mockito-core-5.15.2.jar:/home/lovego/.m2/repository/net/bytebuddy/byte-buddy/1.15.11/byte-buddy-1.15.11.jar:/home/lovego/.m2/repository/net/bytebuddy/byte-buddy-agent/1.15.11/byte-buddy-agent-1.15.11.jar:/home/lovego/.m2/repository/org/objenesis/objenesis/3.3/objenesis-3.3.jar:/home/lovego/.m2/repository/org/mockito/mockito-junit-jupiter/4.11.0/mockito-junit-jupiter-4.11.0.jar:/home/lovego/.m2/repository/commons-io/commons-io/2.11.0/commons-io-2.11.0.jar:/home/lovego/.m2/repository/jakarta/servlet/jakarta.servlet-api/6.0.0/jakarta.servlet-api-6.0.0.jar:/home/lovego/.m2/repository/org/slf4j/slf4j-simple/2.0.9/slf4j-simple-2.0.9.jar:/home/lovego/.m2/repository/org/junit/jupiter/junit-jupiter/5.8.1/junit-jupiter-5.8.1.jar:/home/lovego/.m2/repository/org/junit/jupiter/junit-jupiter-engine/5.11.0/junit-jupiter-engine-5.11.0.jar:/home/lovego/.m2/repository/org/junit/platform/junit-platform-engine/1.11.0/junit-platform-engine-1.11.0.jar:/home/lovego/.m2/repository/org/junit/jupiter/junit-jupiter-api/5.11.0/junit-jupiter-api-5.11.0.jar:/home/lovego/.m2/repository/org/opentest4j/opentest4j/1.3.0/opentest4j-1.3.0.jar:/home/lovego/.m2/repository/org/junit/platform/junit-platform-commons/1.11.0/junit-platform-commons-1.11.0.jar:/home/lovego/.m2/repository/org/apiguardian/apiguardian-api/1.1.2/apiguardian-api-1.1.2.jar:/home/lovego/.m2/repository/org/junit/jupiter/junit-jupiter-params/5.11.0/junit-jupiter-params-5.11.0.jar:/home/lovego/.m2/repository/com/squareup/okhttp3/mockwebserver/4.12.0/mockwebserver-4.12.0.jar:/home/lovego/.m2/repository/com/squareup/okhttp3/okhttp/4.12.0/okhttp-4.12.0.jar:/home/lovego/.m2/repository/com/squareup/okio/okio/3.6.0/okio-3.6.0.jar:/home/lovego/.m2/repository/com/squareup/okio/okio-jvm/3.6.0/okio-jvm-3.6.0.jar:/home/lovego/.m2/repository/junit/junit/4.13.2/junit-4.13.2.jar:/home/lovego/.m2/repository/org/hamcrest/hamcrest-core/1.3/hamcrest-core-1.3.jar:/home/lovego/.m2/repository/org/jetbrains/kotlin/kotlin-stdlib-jdk8/1.8.21/kotlin-stdlib-jdk8-1.8.21.jar:/home/lovego/.m2/repository/org/jetbrains/kotlin/kotlin-stdlib/1.8.21/kotlin-stdlib-1.8.21.jar:/home/lovego/.m2/repository/org/jetbrains/kotlin/kotlin-stdlib-common/1.8.21/kotlin-stdlib-common-1.8.21.jar:/home/lovego/.m2/repository/org/jetbrains/annotations/13.0/annotations-13.0.jar:/home/lovego/.m2/repository/org/jetbrains/kotlin/kotlin-stdlib-jdk7/1.8.21/kotlin-stdlib-jdk7-1.8.21.jar:/home/lovego/.m2/repository/uk/org/webcompere/system-stubs-jupiter/2.0.2/system-stubs-jupiter-2.0.2.jar:/home/lovego/.m2/repository/uk/org/webcompere/system-stubs-core/2.0.2/system-stubs-core-2.0.2.jar:/home/lovego/.m2/repository/org/mockito/mockito-inline/3.12.4/mockito-inline-3.12.4.jar:/home/lovego/.m2/repository/com/fasterxml/jackson/core/jackson-databind/2.18.2/jackson-databind-2.18.2.jar:/home/lovego/.m2/repository/com/fasterxml/jackson/core/jackson-annotations/2.18.2/jackson-annotations-2.18.2.jar:/home/lovego/.m2/repository/com/fasterxml/jackson/core/jackson-core/2.18.2/jackson-core-2.18.2.jar:/home/lovego/.m2/repository/com/ngrok/ngrok-java/1.1.1/ngrok-java-1.1.1.jar:/home/lovego/.m2/repository/org/apache/maven/shared/maven-invoker/3.2.0/maven-invoker-3.2.0.jar:/home/lovego/.m2/repository/org/apache/maven/shared/maven-shared-utils/3.3.4/maven-shared-utils-3.3.4.jar:/home/lovego/.m2/repository/javax/inject/javax.inject/1/javax.inject-1.jar:"/>
    <property name="sun.cpu.endian" value="little"/>
    <property name="user.home" value="/home/lovego"/>
    <property name="user.language" value="en"/>
    <property name="java.specification.vendor" value="Oracle Corporation"/>
    <property name="java.version.date" value="2025-01-21"/>
    <property name="java.home" value="/usr/lib/jvm/java-21-openjdk-amd64"/>
    <property name="file.separator" value="/"/>
    <property name="basedir" value="/mnt/c/Users/loveg/desktop/DD2480-LAB2/CISERVER"/>
    <property name="java.vm.compressedOopsMode" value="32-bit"/>
    <property name="line.separator" value="&#10;"/>
    <property name="java.vm.specification.vendor" value="Oracle Corporation"/>
    <property name="java.specification.name" value="Java Platform API Specification"/>
    <property name="surefire.real.class.path" value="/mnt/c/Users/loveg/desktop/DD2480-LAB2/CISERVER/target/surefire/surefirebooter-20250212235645576_3.jar"/>
    <property name="sun.management.compiler" value="HotSpot 64-Bit Tiered Compilers"/>
    <property name="java.runtime.version" value="21.0.6+7-Ubuntu-122.04.1"/>
    <property name="user.name" value="lovego"/>
    <property name="stdout.encoding" value="UTF-8"/>
    <property name="path.separator" value=":"/>
    <property name="os.version" value="5.15.167.4-microsoft-standard-WSL2"/>
    <property name="java.runtime.name" value="OpenJDK Runtime Environment"/>
    <property name="file.encoding" value="UTF-8"/>
    <property name="java.vm.name" value="OpenJDK 64-Bit Server VM"/>
    <property name="localRepository" value="/home/lovego/.m2/repository"/>
    <property name="java.vendor.url.bug" value="https://bugs.launchpad.net/ubuntu/+source/openjdk-21"/>
    <property name="java.io.tmpdir" value="/tmp"/>
    <property name="java.version" value="21.0.6"/>
    <property name="user.dir" value="/mnt/c/Users/loveg/desktop/DD2480-LAB2/CISERVER"/>
    <property name="os.arch" value="amd64"/>
    <property name="java.vm.specification.name" value="Java Virtual Machine Specification"/>
    <property name="native.encoding" value="UTF-8"/>
    <property name="java.library.path" value="/usr/java/packages/lib:/usr/lib/x86_64-linux-gnu/jni:/lib/x86_64-linux-gnu:/usr/lib/x86_64-linux-gnu:/usr/lib/jni:/lib:/usr/lib"/>
    <property name="stderr.encoding" value="UTF-8"/>
    <property name="java.vm.info" value="mixed mode, sharing"/>
    <property name="java.vendor" value="Ubuntu"/>
    <property name="java.vm.version" value="21.0.6+7-Ubuntu-122.04.1"/>
    <property name="sun.io.unicode.encoding" value="UnicodeLittle"/>
    <property name="java.class.version" value="65.0"/>
  </properties>
  <testcase name="testDoGet_whenWriterThrowsException" classname="com.BuildDetailServletTest" time="1.139"/>
  <testcase name="testDoGet_statusFound" classname="com.BuildDetailServletTest" time="0.352"/>
  <testcase name="testDoGet_nullIdParameter" classname="com.BuildDetailServletTest" time="0.003"/>
  <testcase name="testDoGet_statusNotFound" classname="com.BuildDetailServletTest" time="0.003"/>
  <testcase name="testDoGet_statusFound_withNullFields" classname="com.BuildDetailServletTest" time="0.011"/>
</testsuite>