<?xml version="1.0" encoding="UTF-8"?>
<testsuite xmlns:xsi="http://www.w3.org/2001/XMLSchema-instance" xsi:noNamespaceSchemaLocation="https://maven.apache.org/surefire/maven-surefire-plugin/xsd/surefire-test-report.xsd" version="3.0.1" name="com.GithubWebhookTestPhaseAndCompilePhaseTest" time="0.008" tests="4" errors="0" skipped="0" failures="0">
  <properties>
    <property name="java.specification.version" value="23"/>
    <property name="sun.jnu.encoding" value="UTF-8"/>
    <property name="java.class.path" value="/Users/robinwidjeback/project/DD2480-LAB2/CISERVER/target/test-classes:/Users/robinwidjeback/project/DD2480-LAB2/CISERVER/target/classes:/Users/robinwidjeback/.m2/repository/org/eclipse/jetty/jetty-server/11.0.16/jetty-server-11.0.16.jar:/Users/robinwidjeback/.m2/repository/org/eclipse/jetty/toolchain/jetty-jakarta-servlet-api/5.0.2/jetty-jakarta-servlet-api-5.0.2.jar:/Users/robinwidjeback/.m2/repository/org/eclipse/jetty/jetty-http/11.0.16/jetty-http-11.0.16.jar:/Users/robinwidjeback/.m2/repository/org/eclipse/jetty/jetty-util/11.0.16/jetty-util-11.0.16.jar:/Users/robinwidjeback/.m2/repository/org/eclipse/jetty/jetty-io/11.0.16/jetty-io-11.0.16.jar:/Users/robinwidjeback/.m2/repository/org/slf4j/slf4j-api/2.0.5/slf4j-api-2.0.5.jar:/Users/robinwidjeback/.m2/repository/org/eclipse/jetty/jetty-servlet/11.0.16/jetty-servlet-11.0.16.jar:/Users/robinwidjeback/.m2/repository/org/eclipse/jetty/jetty-security/11.0.16/jetty-security-11.0.16.jar:/Users/robinwidjeback/.m2/repository/org/eclipse/jetty/jetty-client/11.0.16/jetty-client-11.0.16.jar:/Users/robinwidjeback/.m2/repository/org/eclipse/jetty/jetty-alpn-client/11.0.16/jetty-alpn-client-11.0.16.jar:/Users/robinwidjeback/.m2/repository/org/mockito/mockito-core/5.15.2/mockito-core-5.15.2.jar:/Users/robinwidjeback/.m2/repository/net/bytebuddy/byte-buddy/1.15.11/byte-buddy-1.15.11.jar:/Users/robinwidjeback/.m2/repository/net/bytebuddy/byte-buddy-agent/1.15.11/byte-buddy-agent-1.15.11.jar:/Users/robinwidjeback/.m2/repository/org/objenesis/objenesis/3.3/objenesis-3.3.jar:/Users/robinwidjeback/.m2/repository/org/mockito/mockito-junit-jupiter/4.11.0/mockito-junit-jupiter-4.11.0.jar:/Users/robinwidjeback/.m2/repository/commons-io/commons-io/2.11.0/commons-io-2.11.0.jar:/Users/robinwidjeback/.m2/repository/jakarta/servlet/jakarta.servlet-api/6.0.0/jakarta.servlet-api-6.0.0.jar:/Users/robinwidjeback/.m2/repository/org/slf4j/slf4j-simple/2.0.9/slf4j-simple-2.0.9.jar:/Users/robinwidjeback/.m2/repository/org/junit/jupiter/junit-jupiter/5.8.1/junit-jupiter-5.8.1.jar:/Users/robinwidjeback/.m2/repository/org/junit/jupiter/junit-jupiter-engine/5.11.0/junit-jupiter-engine-5.11.0.jar:/Users/robinwidjeback/.m2/repository/org/junit/platform/junit-platform-engine/1.11.0/junit-platform-engine-1.11.0.jar:/Users/robinwidjeback/.m2/repository/org/junit/jupiter/junit-jupiter-api/5.11.0/junit-jupiter-api-5.11.0.jar:/Users/robinwidjeback/.m2/repository/org/opentest4j/opentest4j/1.3.0/opentest4j-1.3.0.jar:/Users/robinwidjeback/.m2/repository/org/junit/platform/junit-platform-commons/1.11.0/junit-platform-commons-1.11.0.jar:/Users/robinwidjeback/.m2/repository/org/apiguardian/apiguardian-api/1.1.2/apiguardian-api-1.1.2.jar:/Users/robinwidjeback/.m2/repository/org/junit/jupiter/junit-jupiter-params/5.11.0/junit-jupiter-params-5.11.0.jar:/Users/robinwidjeback/.m2/repository/com/squareup/okhttp3/mockwebserver/4.12.0/mockwebserver-4.12.0.jar:/Users/robinwidjeback/.m2/repository/com/squareup/okhttp3/okhttp/4.12.0/okhttp-4.12.0.jar:/Users/robinwidjeback/.m2/repository/com/squareup/okio/okio/3.6.0/okio-3.6.0.jar:/Users/robinwidjeback/.m2/repository/com/squareup/okio/okio-jvm/3.6.0/okio-jvm-3.6.0.jar:/Users/robinwidjeback/.m2/repository/junit/junit/4.13.2/junit-4.13.2.jar:/Users/robinwidjeback/.m2/repository/org/hamcrest/hamcrest-core/1.3/hamcrest-core-1.3.jar:/Users/robinwidjeback/.m2/repository/org/jetbrains/kotlin/kotlin-stdlib-jdk8/1.8.21/kotlin-stdlib-jdk8-1.8.21.jar:/Users/robinwidjeback/.m2/repository/org/jetbrains/kotlin/kotlin-stdlib/1.8.21/kotlin-stdlib-1.8.21.jar:/Users/robinwidjeback/.m2/repository/org/jetbrains/kotlin/kotlin-stdlib-common/1.8.21/kotlin-stdlib-common-1.8.21.jar:/Users/robinwidjeback/.m2/repository/org/jetbrains/annotations/13.0/annotations-13.0.jar:/Users/robinwidjeback/.m2/repository/org/jetbrains/kotlin/kotlin-stdlib-jdk7/1.8.21/kotlin-stdlib-jdk7-1.8.21.jar:/Users/robinwidjeback/.m2/repository/uk/org/webcompere/system-stubs-jupiter/2.0.2/system-stubs-jupiter-2.0.2.jar:/Users/robinwidjeback/.m2/repository/uk/org/webcompere/system-stubs-core/2.0.2/system-stubs-core-2.0.2.jar:/Users/robinwidjeback/.m2/repository/org/mockito/mockito-inline/3.12.4/mockito-inline-3.12.4.jar:/Users/robinwidjeback/.m2/repository/com/fasterxml/jackson/core/jackson-databind/2.18.2/jackson-databind-2.18.2.jar:/Users/robinwidjeback/.m2/repository/com/fasterxml/jackson/core/jackson-annotations/2.18.2/jackson-annotations-2.18.2.jar:/Users/robinwidjeback/.m2/repository/com/fasterxml/jackson/core/jackson-core/2.18.2/jackson-core-2.18.2.jar:/Users/robinwidjeback/.m2/repository/com/ngrok/ngrok-java/1.1.1/ngrok-java-1.1.1.jar:/Users/robinwidjeback/.m2/repository/org/apache/maven/shared/maven-invoker/3.2.0/maven-invoker-3.2.0.jar:/Users/robinwidjeback/.m2/repository/org/apache/maven/shared/maven-shared-utils/3.3.4/maven-shared-utils-3.3.4.jar:/Users/robinwidjeback/.m2/repository/javax/inject/javax.inject/1/javax.inject-1.jar:"/>
    <property name="java.vm.vendor" value="Homebrew"/>
    <property name="sun.arch.data.model" value="64"/>
    <property name="java.vendor.url" value="https://github.com/Homebrew/homebrew-core/issues"/>
    <property name="user.timezone" value="Europe/Stockholm"/>
    <property name="os.name" value="Mac OS X"/>
    <property name="java.vm.specification.version" value="23"/>
    <property name="sun.java.launcher" value="SUN_STANDARD"/>
    <property name="user.country" value="SE"/>
    <property name="sun.boot.library.path" value="/opt/homebrew/Cellar/openjdk/23.0.2/libexec/openjdk.jdk/Contents/Home/lib"/>
    <property name="sun.java.command" value="/Users/robinwidjeback/project/DD2480-LAB2/CISERVER/target/surefire/surefirebooter-20250212165313801_3.jar /Users/robinwidjeback/project/DD2480-LAB2/CISERVER/target/surefire 2025-02-12T16-53-13_767-jvmRun1 surefire-20250212165313801_1tmp surefire_0-20250212165313801_2tmp"/>
    <property name="http.nonProxyHosts" value="local|*.local|169.254/16|*.169.254/16"/>
    <property name="jdk.debug" value="release"/>
    <property name="surefire.test.class.path" value="/Users/robinwidjeback/project/DD2480-LAB2/CISERVER/target/test-classes:/Users/robinwidjeback/project/DD2480-LAB2/CISERVER/target/classes:/Users/robinwidjeback/.m2/repository/org/eclipse/jetty/jetty-server/11.0.16/jetty-server-11.0.16.jar:/Users/robinwidjeback/.m2/repository/org/eclipse/jetty/toolchain/jetty-jakarta-servlet-api/5.0.2/jetty-jakarta-servlet-api-5.0.2.jar:/Users/robinwidjeback/.m2/repository/org/eclipse/jetty/jetty-http/11.0.16/jetty-http-11.0.16.jar:/Users/robinwidjeback/.m2/repository/org/eclipse/jetty/jetty-util/11.0.16/jetty-util-11.0.16.jar:/Users/robinwidjeback/.m2/repository/org/eclipse/jetty/jetty-io/11.0.16/jetty-io-11.0.16.jar:/Users/robinwidjeback/.m2/repository/org/slf4j/slf4j-api/2.0.5/slf4j-api-2.0.5.jar:/Users/robinwidjeback/.m2/repository/org/eclipse/jetty/jetty-servlet/11.0.16/jetty-servlet-11.0.16.jar:/Users/robinwidjeback/.m2/repository/org/eclipse/jetty/jetty-security/11.0.16/jetty-security-11.0.16.jar:/Users/robinwidjeback/.m2/repository/org/eclipse/jetty/jetty-client/11.0.16/jetty-client-11.0.16.jar:/Users/robinwidjeback/.m2/repository/org/eclipse/jetty/jetty-alpn-client/11.0.16/jetty-alpn-client-11.0.16.jar:/Users/robinwidjeback/.m2/repository/org/mockito/mockito-core/5.15.2/mockito-core-5.15.2.jar:/Users/robinwidjeback/.m2/repository/net/bytebuddy/byte-buddy/1.15.11/byte-buddy-1.15.11.jar:/Users/robinwidjeback/.m2/repository/net/bytebuddy/byte-buddy-agent/1.15.11/byte-buddy-agent-1.15.11.jar:/Users/robinwidjeback/.m2/repository/org/objenesis/objenesis/3.3/objenesis-3.3.jar:/Users/robinwidjeback/.m2/repository/org/mockito/mockito-junit-jupiter/4.11.0/mockito-junit-jupiter-4.11.0.jar:/Users/robinwidjeback/.m2/repository/commons-io/commons-io/2.11.0/commons-io-2.11.0.jar:/Users/robinwidjeback/.m2/repository/jakarta/servlet/jakarta.servlet-api/6.0.0/jakarta.servlet-api-6.0.0.jar:/Users/robinwidjeback/.m2/repository/org/slf4j/slf4j-simple/2.0.9/slf4j-simple-2.0.9.jar:/Users/robinwidjeback/.m2/repository/org/junit/jupiter/junit-jupiter/5.8.1/junit-jupiter-5.8.1.jar:/Users/robinwidjeback/.m2/repository/org/junit/jupiter/junit-jupiter-engine/5.11.0/junit-jupiter-engine-5.11.0.jar:/Users/robinwidjeback/.m2/repository/org/junit/platform/junit-platform-engine/1.11.0/junit-platform-engine-1.11.0.jar:/Users/robinwidjeback/.m2/repository/org/junit/jupiter/junit-jupiter-api/5.11.0/junit-jupiter-api-5.11.0.jar:/Users/robinwidjeback/.m2/repository/org/opentest4j/opentest4j/1.3.0/opentest4j-1.3.0.jar:/Users/robinwidjeback/.m2/repository/org/junit/platform/junit-platform-commons/1.11.0/junit-platform-commons-1.11.0.jar:/Users/robinwidjeback/.m2/repository/org/apiguardian/apiguardian-api/1.1.2/apiguardian-api-1.1.2.jar:/Users/robinwidjeback/.m2/repository/org/junit/jupiter/junit-jupiter-params/5.11.0/junit-jupiter-params-5.11.0.jar:/Users/robinwidjeback/.m2/repository/com/squareup/okhttp3/mockwebserver/4.12.0/mockwebserver-4.12.0.jar:/Users/robinwidjeback/.m2/repository/com/squareup/okhttp3/okhttp/4.12.0/okhttp-4.12.0.jar:/Users/robinwidjeback/.m2/repository/com/squareup/okio/okio/3.6.0/okio-3.6.0.jar:/Users/robinwidjeback/.m2/repository/com/squareup/okio/okio-jvm/3.6.0/okio-jvm-3.6.0.jar:/Users/robinwidjeback/.m2/repository/junit/junit/4.13.2/junit-4.13.2.jar:/Users/robinwidjeback/.m2/repository/org/hamcrest/hamcrest-core/1.3/hamcrest-core-1.3.jar:/Users/robinwidjeback/.m2/repository/org/jetbrains/kotlin/kotlin-stdlib-jdk8/1.8.21/kotlin-stdlib-jdk8-1.8.21.jar:/Users/robinwidjeback/.m2/repository/org/jetbrains/kotlin/kotlin-stdlib/1.8.21/kotlin-stdlib-1.8.21.jar:/Users/robinwidjeback/.m2/repository/org/jetbrains/kotlin/kotlin-stdlib-common/1.8.21/kotlin-stdlib-common-1.8.21.jar:/Users/robinwidjeback/.m2/repository/org/jetbrains/annotations/13.0/annotations-13.0.jar:/Users/robinwidjeback/.m2/repository/org/jetbrains/kotlin/kotlin-stdlib-jdk7/1.8.21/kotlin-stdlib-jdk7-1.8.21.jar:/Users/robinwidjeback/.m2/repository/uk/org/webcompere/system-stubs-jupiter/2.0.2/system-stubs-jupiter-2.0.2.jar:/Users/robinwidjeback/.m2/repository/uk/org/webcompere/system-stubs-core/2.0.2/system-stubs-core-2.0.2.jar:/Users/robinwidjeback/.m2/repository/org/mockito/mockito-inline/3.12.4/mockito-inline-3.12.4.jar:/Users/robinwidjeback/.m2/repository/com/fasterxml/jackson/core/jackson-databind/2.18.2/jackson-databind-2.18.2.jar:/Users/robinwidjeback/.m2/repository/com/fasterxml/jackson/core/jackson-annotations/2.18.2/jackson-annotations-2.18.2.jar:/Users/robinwidjeback/.m2/repository/com/fasterxml/jackson/core/jackson-core/2.18.2/jackson-core-2.18.2.jar:/Users/robinwidjeback/.m2/repository/com/ngrok/ngrok-java/1.1.1/ngrok-java-1.1.1.jar:/Users/robinwidjeback/.m2/repository/org/apache/maven/shared/maven-invoker/3.2.0/maven-invoker-3.2.0.jar:/Users/robinwidjeback/.m2/repository/org/apache/maven/shared/maven-shared-utils/3.3.4/maven-shared-utils-3.3.4.jar:/Users/robinwidjeback/.m2/repository/javax/inject/javax.inject/1/javax.inject-1.jar:"/>
    <property name="sun.cpu.endian" value="little"/>
    <property name="user.home" value="/Users/robinwidjeback"/>
    <property name="user.language" value="sv"/>
    <property name="java.specification.vendor" value="Oracle Corporation"/>
    <property name="java.version.date" value="2025-01-21"/>
    <property name="java.home" value="/opt/homebrew/Cellar/openjdk/23.0.2/libexec/openjdk.jdk/Contents/Home"/>
    <property name="file.separator" value="/"/>
    <property name="basedir" value="/Users/robinwidjeback/project/DD2480-LAB2/CISERVER"/>
    <property name="java.vm.compressedOopsMode" value="Zero based"/>
    <property name="line.separator" value="&#10;"/>
    <property name="java.vm.specification.vendor" value="Oracle Corporation"/>
    <property name="java.specification.name" value="Java Platform API Specification"/>
    <property name="apple.awt.application.name" value="ForkedBooter"/>
    <property name="surefire.real.class.path" value="/Users/robinwidjeback/project/DD2480-LAB2/CISERVER/target/surefire/surefirebooter-20250212165313801_3.jar"/>
    <property name="org.eclipse.jetty.LEVEL" value="DEBUG"/>
    <property name="sun.management.compiler" value="HotSpot 64-Bit Tiered Compilers"/>
    <property name="ftp.nonProxyHosts" value="local|*.local|169.254/16|*.169.254/16"/>
    <property name="java.runtime.version" value="23.0.2"/>
    <property name="user.name" value="robinwidjeback"/>
    <property name="stdout.encoding" value="UTF-8"/>
    <property name="path.separator" value=":"/>
    <property name="os.version" value="15.1.1"/>
    <property name="java.runtime.name" value="OpenJDK Runtime Environment"/>
    <property name="file.encoding" value="UTF-8"/>
    <property name="java.vm.name" value="OpenJDK 64-Bit Server VM"/>
    <property name="java.vendor.version" value="Homebrew"/>
    <property name="localRepository" value="/Users/robinwidjeback/.m2/repository"/>
    <property name="java.vendor.url.bug" value="https://github.com/Homebrew/homebrew-core/issues"/>
    <property name="jetty.git.hash" value="bedff458c4dd1a716d59e17b8cb0d2042eeab291"/>
    <property name="java.io.tmpdir" value="/var/folders/jy/yc5sxnsx7qg76vdypt6ffmrc0000gn/T/"/>
    <property name="java.version" value="23.0.2"/>
    <property name="user.dir" value="/Users/robinwidjeback/project/DD2480-LAB2/CISERVER"/>
    <property name="os.arch" value="aarch64"/>
    <property name="java.vm.specification.name" value="Java Virtual Machine Specification"/>
    <property name="native.encoding" value="UTF-8"/>
    <property name="java.library.path" value="/Users/robinwidjeback/Library/Java/Extensions:/Library/Java/Extensions:/Network/Library/Java/Extensions:/System/Library/Java/Extensions:/usr/lib/java:."/>
    <property name="java.vm.info" value="mixed mode, sharing"/>
    <property name="stderr.encoding" value="UTF-8"/>
    <property name="java.vendor" value="Homebrew"/>
    <property name="java.vm.version" value="23.0.2"/>
    <property name="sun.io.unicode.encoding" value="UnicodeBig"/>
    <property name="socksNonProxyHosts" value="local|*.local|169.254/16|*.169.254/16"/>
    <property name="java.class.version" value="67.0"/>
  </properties>
  <testcase name="testRunCompilePhaseSuccess" classname="com.GithubWebhookTestPhaseAndCompilePhaseTest" time="0.005">
    <system-out><![CDATA[Starting compile phase...
Compile phase exit code: 0
Compile output:
Compilation successful.
]]></system-out>
  </testcase>
  <testcase name="testRunTestPhaseSuccess" classname="com.GithubWebhookTestPhaseAndCompilePhaseTest" time="0.001">
    <system-out><![CDATA[Starting test phase...
Test phase exit code: 0
Test output:
Tests passed successfully.
]]></system-out>
  </testcase>
  <testcase name="testRunCompilePhaseFailure" classname="com.GithubWebhookTestPhaseAndCompilePhaseTest" time="0.001">
    <system-out><![CDATA[Starting compile phase...
Compile phase exit code: 1
Compile output:
Compilation error.
]]></system-out>
  </testcase>
  <testcase name="testRunTestPhaseFailure" classname="com.GithubWebhookTestPhaseAndCompilePhaseTest" time="0.001">
    <system-out><![CDATA[Starting test phase...
Test phase exit code: 1
Test output:
Test failures occurred.
]]></system-out>
  </testcase>
</testsuite>